<?xml version="1.0" encoding="UTF-8"?>
<testng-results ignored="0" total="1" passed="1" failed="0" skipped="0">
  <reporter-output>
    <line>
      <![CDATA[CreateCustomer]]>
    </line>
  </reporter-output>
  <suite started-at="2023-01-31T10:50:45 IST" name="Default suite" finished-at="2023-01-31T10:51:30 IST" duration-ms="44133">
    <groups>
    </groups>
    <test started-at="2023-01-31T10:50:45 IST" name="Default test" finished-at="2023-01-31T10:51:30 IST" duration-ms="44133">
      <class name="com.actitime.testscripts.CustomerModule">
        <test-method is-config="true" signature="openBrowser()[pri:0, instance:com.actitime.testscripts.CustomerModule@3c407114]" started-at="2023-01-31T10:50:45 IST" name="openBrowser" finished-at="2023-01-31T10:51:05 IST" duration-ms="19523" status="PASS">
          <reporter-output>
          </reporter-output>
        </test-method> <!-- openBrowser -->
        <test-method is-config="true" signature="login()[pri:0, instance:com.actitime.testscripts.CustomerModule@3c407114]" started-at="2023-01-31T10:51:05 IST" name="login" finished-at="2023-01-31T10:51:05 IST" duration-ms="219" status="PASS">
          <reporter-output>
          </reporter-output>
        </test-method> <!-- login -->
        <test-method signature="testCreateCustomer()[pri:0, instance:com.actitime.testscripts.CustomerModule@3c407114]" started-at="2023-01-31T10:51:05 IST" name="testCreateCustomer" finished-at="2023-01-31T10:51:28 IST" duration-ms="22477" status="PASS">
          <reporter-output>
            <line>
              <![CDATA[CreateCustomer]]>
            </line>
          </reporter-output>
        </test-method> <!-- testCreateCustomer -->
        <test-method is-config="true" signature="logout()[pri:0, instance:com.actitime.testscripts.CustomerModule@3c407114]" started-at="2023-01-31T10:51:28 IST" name="logout" finished-at="2023-01-31T10:51:30 IST" duration-ms="1878" status="PASS">
          <reporter-output>
          </reporter-output>
        </test-method> <!-- logout -->
        <test-method is-config="true" signature="closeBrowser()[pri:0, instance:com.actitime.testscripts.CustomerModule@3c407114]" started-at="2023-01-31T10:51:30 IST" name="closeBrowser" finished-at="2023-01-31T10:51:30 IST" duration-ms="0" status="PASS">
          <reporter-output>
          </reporter-output>
        </test-method> <!-- closeBrowser -->
      </class> <!-- com.actitime.testscripts.CustomerModule -->
    </test> <!-- Default test -->
  </suite> <!-- Default suite -->
</testng-results>
